<?xml version="1.0" encoding="UTF-8" ?>
<testsuite tests="23" failures="0" name="com.runner.RunnerZTT" time="39.981" errors="0" skipped="0">
  <properties>
[...]
</properties>
  <testcase classname="| EastEnders |" name="Given I am in HomePage" time="0"/>
  <testcase classname="| EastEnders |" name="When I select the TV option under More option in header" time="0.001"/>
  <testcase classname="| EastEnders |" name="And iplayer page is opened" time="0"/>
  <testcase classname="| EastEnders |" name="And I enter \&quot;EastEnders\&quot; in search box" time="0"/>
  <testcase classname="| EastEnders |" name="And I click on first link" time="0"/>
  <testcase classname="| EastEnders |" name="And I select Programme website" time="0"/>
  <testcase classname="| EastEnders |" name="Then check the time for the next episode" time="0"/>
  <testcase classname="| EastEnders |" name="| EastEnders |" time="0.106"/>
  <testcase classname="Scenario: check the time of EastEnder next Epsoide via iPlayer icon" name="Given I am in HomePage" time="0"/>
  <testcase classname="Scenario: check the time of EastEnder next Epsoide via iPlayer icon" name="When I select the iPlayer" time="0"/>
  <testcase classname="Scenario: check the time of EastEnder next Epsoide via iPlayer icon" name="And I click on channels on iplayer page" time="0"/>
  <testcase classname="Scenario: check the time of EastEnder next Epsoide via iPlayer icon" name="And I click on one" time="0"/>
  <testcase classname="Scenario: check the time of EastEnder next Epsoide via iPlayer icon" name="And I click on Eastenders link under soaps" time="0"/>
  <testcase classname="Scenario: check the time of EastEnder next Epsoide via iPlayer icon" name="And I select Programme website" time="0"/>
  <testcase classname="Scenario: check the time of EastEnder next Epsoide via iPlayer icon" name="Then check the time for the next episode" time="0"/>
  <testcase classname="Scenario: check the time of EastEnder next Epsoide via iPlayer icon" name="Scenario: check the time of EastEnder next Epsoide via iPlayer icon" time="0.168"/>
  <testcase classname="| EastEnders |" name="Given I am in HomePage" time="0.001"/>
  <testcase classname="| EastEnders |" name="When I enter \&quot;EastEnders\&quot; into search textbox" time="0"/>
  <testcase classname="| EastEnders |" name="And search page for \&quot;EastEnders\&quot; is displayed" time="0"/>
  <testcase classname="| EastEnders |" name="And I click on first search link" time="0"/>
  <testcase classname="| EastEnders |" name="And I select Programme website" time="0.001"/>
  <testcase classname="| EastEnders |" name="Then check the time for the next episode" time="0"/>
  <testcase classname="| EastEnders |" name="| EastEnders |" time="0.124"/>
</testsuite>